app/build/intermediates/manifest_merge_blame_file/release/manifest-merger-blame-release-report.txt
1<?xml version="1.0" encoding="utf-8"?>
2<manifest xmlns:android="http://schemas.android.com/apk/res/android"
3    package="com.mxl.driverpro"
4    android:versionCode="2"
5    android:versionName="1.1" >
6
7    <uses-sdk
8        android:minSdkVersion="24"
9        android:targetSdkVersion="34" />
10
11    <uses-permission android:name="android.permission.SYSTEM_ALERT_WINDOW" />
11-->src/main/AndroidManifest.xml:3:5-78
11-->src/main/AndroidManifest.xml:3:22-75
12    <uses-permission android:name="android.permission.FOREGROUND_SERVICE" />
12-->src/main/AndroidManifest.xml:4:5-77
12-->src/main/AndroidManifest.xml:4:22-74
13    <uses-permission android:name="android.permission.INTERNET" />
13-->src/main/AndroidManifest.xml:5:5-67
13-->src/main/AndroidManifest.xml:5:22-64
14    <uses-permission android:name="android.permission.VIBRATE" />
14-->src/main/AndroidManifest.xml:6:5-66
14-->src/main/AndroidManifest.xml:6:22-63
15    <uses-permission android:name="android.permission.FOREGROUND_SERVICE" />
15-->src/main/AndroidManifest.xml:4:5-77
15-->src/main/AndroidManifest.xml:4:22-74
16    <uses-permission android:name="android.permission.FOREGROUND_SERVICE_SPECIAL_USE" />
16-->src/main/AndroidManifest.xml:8:5-89
16-->src/main/AndroidManifest.xml:8:22-86
17    <uses-permission android:name="android.permission.REQUEST_IGNORE_BATTERY_OPTIMIZATIONS" />
17-->src/main/AndroidManifest.xml:9:5-95
17-->src/main/AndroidManifest.xml:9:22-92
18    <uses-permission android:name="android.permission.RECEIVE_BOOT_COMPLETED" />
18-->src/main/AndroidManifest.xml:10:5-81
18-->src/main/AndroidManifest.xml:10:22-78
19    <uses-permission android:name="android.permission.WAKE_LOCK" />
19-->src/main/AndroidManifest.xml:11:5-68
19-->src/main/AndroidManifest.xml:11:22-65
20    <uses-permission android:name="android.permission.ACCESS_FINE_LOCATION" />
20-->src/main/AndroidManifest.xml:12:5-79
20-->src/main/AndroidManifest.xml:12:22-76
21    <uses-permission android:name="android.permission.ACCESS_COARSE_LOCATION" />
21-->src/main/AndroidManifest.xml:13:5-81
21-->src/main/AndroidManifest.xml:13:22-78
22    <!-- Although the *SdkVersion is captured in gradle build files, this is required for non gradle builds -->
23    <!-- <uses-sdk android:minSdkVersion="14" /> -->
24    <uses-permission android:name="android.permission.ACCESS_NETWORK_STATE" />
24-->[com.google.firebase:firebase-firestore:24.10.0] AndroidManifest.xml:10:5-79
24-->[com.google.firebase:firebase-firestore:24.10.0] AndroidManifest.xml:10:22-76
25
26    <uses-feature
26-->[com.google.android.gms:play-services-maps:18.2.0] AndroidManifest.xml:26:5-28:35
27        android:glEsVersion="0x00020000"
27-->[com.google.android.gms:play-services-maps:18.2.0] AndroidManifest.xml:27:9-41
28        android:required="true" />
28-->[com.google.android.gms:play-services-maps:18.2.0] AndroidManifest.xml:28:9-32
29
30    <queries>
30-->[com.google.android.gms:play-services-maps:18.2.0] AndroidManifest.xml:30:5-34:15
31
32        <!-- Needs to be explicitly declared on Android R+ -->
33        <package android:name="com.google.android.apps.maps" />
33-->[com.google.android.gms:play-services-maps:18.2.0] AndroidManifest.xml:33:9-64
33-->[com.google.android.gms:play-services-maps:18.2.0] AndroidManifest.xml:33:18-61
34    </queries>
35
36    <permission
36-->[androidx.core:core:1.12.0] AndroidManifest.xml:22:5-24:47
37        android:name="com.mxl.driverpro.DYNAMIC_RECEIVER_NOT_EXPORTED_PERMISSION"
37-->[androidx.core:core:1.12.0] AndroidManifest.xml:23:9-81
38        android:protectionLevel="signature" />
38-->[androidx.core:core:1.12.0] AndroidManifest.xml:24:9-44
39
40    <uses-permission android:name="com.mxl.driverpro.DYNAMIC_RECEIVER_NOT_EXPORTED_PERMISSION" />
40-->[androidx.core:core:1.12.0] AndroidManifest.xml:26:5-97
40-->[androidx.core:core:1.12.0] AndroidManifest.xml:26:22-94
41
42    <application
42-->src/main/AndroidManifest.xml:15:5-82:19
43        android:allowBackup="true"
43-->src/main/AndroidManifest.xml:16:9-35
44        android:appComponentFactory="androidx.core.app.CoreComponentFactory"
44-->[androidx.core:core:1.12.0] AndroidManifest.xml:28:18-86
45        android:extractNativeLibs="false"
46        android:icon="@mipmap/ic_launcher"
46-->src/main/AndroidManifest.xml:17:9-43
47        android:label="DriverPro"
47-->src/main/AndroidManifest.xml:18:9-34
48        android:roundIcon="@mipmap/ic_launcher_round"
48-->src/main/AndroidManifest.xml:19:9-54
49        android:supportsRtl="true"
49-->src/main/AndroidManifest.xml:20:9-35
50        android:theme="@style/Theme.AppCompat.DayNight.NoActionBar" >
50-->src/main/AndroidManifest.xml:21:9-68
51        <meta-data
51-->src/main/AndroidManifest.xml:22:9-24:70
52            android:name="com.google.android.geo.API_KEY"
52-->src/main/AndroidManifest.xml:23:13-58
53            android:value="AIzaSyCw2hXqxNiwFVIzN4C9sfezjQyfXu6Vixc" />
53-->src/main/AndroidManifest.xml:24:13-68
54
55        <activity
55-->src/main/AndroidManifest.xml:25:9-33:20
56            android:name="com.mxl.driverpro.LoginActivity"
56-->src/main/AndroidManifest.xml:25:19-48
57            android:exported="true"
57-->src/main/AndroidManifest.xml:26:13-36
58            android:launchMode="singleTop"
58-->src/main/AndroidManifest.xml:28:13-43
59            android:screenOrientation="portrait" >
59-->src/main/AndroidManifest.xml:27:13-49
60            <intent-filter>
60-->src/main/AndroidManifest.xml:29:13-32:29
61                <action android:name="android.intent.action.MAIN" />
61-->src/main/AndroidManifest.xml:30:17-69
61-->src/main/AndroidManifest.xml:30:25-66
62
63                <category android:name="android.intent.category.LAUNCHER" />
63-->src/main/AndroidManifest.xml:31:17-77
63-->src/main/AndroidManifest.xml:31:27-74
64            </intent-filter>
65        </activity>
66        <activity
66-->src/main/AndroidManifest.xml:35:9-40:45
67            android:name="com.mxl.driverpro.MainActivity"
67-->src/main/AndroidManifest.xml:35:19-47
68            android:configChanges="orientation|screenSize|keyboardHidden"
68-->src/main/AndroidManifest.xml:39:13-74
69            android:exported="false"
69-->src/main/AndroidManifest.xml:36:13-37
70            android:launchMode="singleTop"
70-->src/main/AndroidManifest.xml:40:13-43
71            android:resizeableActivity="false"
71-->src/main/AndroidManifest.xml:37:13-47
72            android:screenOrientation="portrait" />
72-->src/main/AndroidManifest.xml:38:13-49
73        <activity
73-->src/main/AndroidManifest.xml:41:9-44:51
74            android:name="com.mxl.driverpro.SubscriptionActivity"
74-->src/main/AndroidManifest.xml:41:19-55
75            android:exported="false"
75-->src/main/AndroidManifest.xml:42:13-37
76            android:resizeableActivity="false"
76-->src/main/AndroidManifest.xml:43:13-47
77            android:screenOrientation="portrait" />
77-->src/main/AndroidManifest.xml:44:13-49
78        <activity
78-->src/main/AndroidManifest.xml:45:9-48:51
79            android:name="com.mxl.driverpro.StatsActivity"
79-->src/main/AndroidManifest.xml:45:19-48
80            android:exported="false"
80-->src/main/AndroidManifest.xml:46:13-37
81            android:resizeableActivity="false"
81-->src/main/AndroidManifest.xml:47:13-47
82            android:screenOrientation="portrait" />
82-->src/main/AndroidManifest.xml:48:13-49
83        <activity
83-->src/main/AndroidManifest.xml:49:9-52:51
84            android:name="com.mxl.driverpro.MapActivity"
84-->src/main/AndroidManifest.xml:49:19-46
85            android:exported="false"
85-->src/main/AndroidManifest.xml:50:13-37
86            android:resizeableActivity="false"
86-->src/main/AndroidManifest.xml:51:13-47
87            android:screenOrientation="portrait" />
87-->src/main/AndroidManifest.xml:52:13-49
88        <activity
88-->src/main/AndroidManifest.xml:53:9-56:51
89            android:name="com.mxl.driverpro.SetupWizardActivity"
89-->src/main/AndroidManifest.xml:53:19-54
90            android:exported="false"
90-->src/main/AndroidManifest.xml:54:13-37
91            android:resizeableActivity="false"
91-->src/main/AndroidManifest.xml:55:13-47
92            android:screenOrientation="portrait" />
92-->src/main/AndroidManifest.xml:56:13-49
93        <activity
93-->src/main/AndroidManifest.xml:57:9-60:51
94            android:name="com.mxl.driverpro.AdminActivity"
94-->src/main/AndroidManifest.xml:57:19-48
95            android:exported="false"
95-->src/main/AndroidManifest.xml:58:13-37
96            android:resizeableActivity="false"
96-->src/main/AndroidManifest.xml:59:13-47
97            android:screenOrientation="portrait" />
97-->src/main/AndroidManifest.xml:60:13-49
98
99        <service
99-->src/main/AndroidManifest.xml:61:9-68:19
100            android:name="com.mxl.driverpro.BotForegroundService"
100-->src/main/AndroidManifest.xml:62:13-49
101            android:exported="false"
101-->src/main/AndroidManifest.xml:63:13-37
102            android:foregroundServiceType="specialUse" >
102-->src/main/AndroidManifest.xml:64:13-55
103            <property
103-->src/main/AndroidManifest.xml:65:13-67:46
104                android:name="android.app.PROPERTY_SPECIAL_USE_FGS_SUBTYPE"
104-->src/main/AndroidManifest.xml:66:17-76
105                android:value="bot_service" />
105-->src/main/AndroidManifest.xml:67:17-44
106        </service>
107        <service
107-->src/main/AndroidManifest.xml:70:9-81:19
108            android:name="com.mxl.driverpro.logic.ActionEngine"
108-->src/main/AndroidManifest.xml:71:13-47
109            android:exported="true"
109-->src/main/AndroidManifest.xml:72:13-36
110            android:permission="android.permission.BIND_ACCESSIBILITY_SERVICE" >
110-->src/main/AndroidManifest.xml:73:13-79
111            android:permission="android.permission.BIND_ACCESSIBILITY_SERVICE"
112            android:exported="true">
113            <intent-filter>
113-->src/main/AndroidManifest.xml:76:13-78:29
114                <action android:name="android.accessibilityservice.AccessibilityService" />
114-->src/main/AndroidManifest.xml:77:17-92
114-->src/main/AndroidManifest.xml:77:25-89
115            </intent-filter>
116
117            <meta-data
117-->src/main/AndroidManifest.xml:79:13-80:72
118                android:name="android.accessibilityservice"
118-->src/main/AndroidManifest.xml:79:24-67
119                android:resource="@xml/accessibility_service_config" />
119-->src/main/AndroidManifest.xml:80:17-69
120        </service>
121        <service
121-->[com.google.firebase:firebase-firestore-ktx:24.10.0] AndroidManifest.xml:9:9-15:19
122            android:name="com.google.firebase.components.ComponentDiscoveryService"
122-->[com.google.firebase:firebase-firestore-ktx:24.10.0] AndroidManifest.xml:10:13-84
123            android:directBootAware="true"
123-->[com.google.firebase:firebase-common:20.4.2] AndroidManifest.xml:32:13-43
124            android:exported="false" >
124-->[com.google.firebase:firebase-firestore-ktx:24.10.0] AndroidManifest.xml:11:13-37
125            <meta-data
125-->[com.google.firebase:firebase-firestore-ktx:24.10.0] AndroidManifest.xml:12:13-14:85
126                android:name="com.google.firebase.components:com.google.firebase.firestore.ktx.FirebaseFirestoreLegacyRegistrar"
126-->[com.google.firebase:firebase-firestore-ktx:24.10.0] AndroidManifest.xml:13:17-129
127                android:value="com.google.firebase.components.ComponentRegistrar" />
127-->[com.google.firebase:firebase-firestore-ktx:24.10.0] AndroidManifest.xml:14:17-82
128            <meta-data
128-->[com.google.firebase:firebase-auth-ktx:22.3.0] AndroidManifest.xml:11:13-13:85
129                android:name="com.google.firebase.components:com.google.firebase.auth.ktx.FirebaseAuthLegacyRegistrar"
129-->[com.google.firebase:firebase-auth-ktx:22.3.0] AndroidManifest.xml:12:17-119
130                android:value="com.google.firebase.components.ComponentRegistrar" />
130-->[com.google.firebase:firebase-auth-ktx:22.3.0] AndroidManifest.xml:13:17-82
131            <meta-data
131-->[com.google.firebase:firebase-firestore:24.10.0] AndroidManifest.xml:17:13-19:85
132                android:name="com.google.firebase.components:com.google.firebase.firestore.FirebaseFirestoreKtxRegistrar"
132-->[com.google.firebase:firebase-firestore:24.10.0] AndroidManifest.xml:18:17-122
133                android:value="com.google.firebase.components.ComponentRegistrar" />
133-->[com.google.firebase:firebase-firestore:24.10.0] AndroidManifest.xml:19:17-82
134            <meta-data
134-->[com.google.firebase:firebase-firestore:24.10.0] AndroidManifest.xml:20:13-22:85
135                android:name="com.google.firebase.components:com.google.firebase.firestore.FirestoreRegistrar"
135-->[com.google.firebase:firebase-firestore:24.10.0] AndroidManifest.xml:21:17-111
136                android:value="com.google.firebase.components.ComponentRegistrar" />
136-->[com.google.firebase:firebase-firestore:24.10.0] AndroidManifest.xml:22:17-82
137            <meta-data
137-->[com.google.firebase:firebase-auth:22.3.0] AndroidManifest.xml:69:13-71:85
138                android:name="com.google.firebase.components:com.google.firebase.auth.FirebaseAuthRegistrar"
138-->[com.google.firebase:firebase-auth:22.3.0] AndroidManifest.xml:70:17-109
139                android:value="com.google.firebase.components.ComponentRegistrar" />
139-->[com.google.firebase:firebase-auth:22.3.0] AndroidManifest.xml:71:17-82
140            <meta-data
140-->[com.google.firebase:firebase-common-ktx:20.4.2] AndroidManifest.xml:12:13-14:85
141                android:name="com.google.firebase.components:com.google.firebase.ktx.FirebaseCommonLegacyRegistrar"
141-->[com.google.firebase:firebase-common-ktx:20.4.2] AndroidManifest.xml:13:17-116
142                android:value="com.google.firebase.components.ComponentRegistrar" />
142-->[com.google.firebase:firebase-common-ktx:20.4.2] AndroidManifest.xml:14:17-82
143            <meta-data
143-->[com.google.firebase:firebase-common:20.4.2] AndroidManifest.xml:35:13-37:85
144                android:name="com.google.firebase.components:com.google.firebase.FirebaseCommonKtxRegistrar"
144-->[com.google.firebase:firebase-common:20.4.2] AndroidManifest.xml:36:17-109
145                android:value="com.google.firebase.components.ComponentRegistrar" />
145-->[com.google.firebase:firebase-common:20.4.2] AndroidManifest.xml:37:17-82
146        </service>
147
148        <activity
148-->[com.google.firebase:firebase-auth:22.3.0] AndroidManifest.xml:29:9-46:20
149            android:name="com.google.firebase.auth.internal.GenericIdpActivity"
149-->[com.google.firebase:firebase-auth:22.3.0] AndroidManifest.xml:30:13-80
150            android:excludeFromRecents="true"
150-->[com.google.firebase:firebase-auth:22.3.0] AndroidManifest.xml:31:13-46
151            android:exported="true"
151-->[com.google.firebase:firebase-auth:22.3.0] AndroidManifest.xml:32:13-36
152            android:launchMode="singleTask"
152-->[com.google.firebase:firebase-auth:22.3.0] AndroidManifest.xml:33:13-44
153            android:theme="@android:style/Theme.Translucent.NoTitleBar" >
153-->[com.google.firebase:firebase-auth:22.3.0] AndroidManifest.xml:34:13-72
154            <intent-filter>
154-->[com.google.firebase:firebase-auth:22.3.0] AndroidManifest.xml:35:13-45:29
155                <action android:name="android.intent.action.VIEW" />
155-->[com.google.firebase:firebase-auth:22.3.0] AndroidManifest.xml:36:17-69
155-->[com.google.firebase:firebase-auth:22.3.0] AndroidManifest.xml:36:25-66
156
157                <category android:name="android.intent.category.DEFAULT" />
157-->[com.google.firebase:firebase-auth:22.3.0] AndroidManifest.xml:38:17-76
157-->[com.google.firebase:firebase-auth:22.3.0] AndroidManifest.xml:38:27-73
158                <category android:name="android.intent.category.BROWSABLE" />
158-->[com.google.firebase:firebase-auth:22.3.0] AndroidManifest.xml:39:17-78
158-->[com.google.firebase:firebase-auth:22.3.0] AndroidManifest.xml:39:27-75
159
160                <data
160-->[com.google.firebase:firebase-auth:22.3.0] AndroidManifest.xml:41:17-44:51
161                    android:host="firebase.auth"
161-->[com.google.firebase:firebase-auth:22.3.0] AndroidManifest.xml:42:21-49
162                    android:path="/"
162-->[com.google.firebase:firebase-auth:22.3.0] AndroidManifest.xml:43:21-37
163                    android:scheme="genericidp" />
163-->[com.google.firebase:firebase-auth:22.3.0] AndroidManifest.xml:44:21-48
164            </intent-filter>
165        </activity>
166        <activity
166-->[com.google.firebase:firebase-auth:22.3.0] AndroidManifest.xml:47:9-64:20
167            android:name="com.google.firebase.auth.internal.RecaptchaActivity"
167-->[com.google.firebase:firebase-auth:22.3.0] AndroidManifest.xml:48:13-79
168            android:excludeFromRecents="true"
168-->[com.google.firebase:firebase-auth:22.3.0] AndroidManifest.xml:49:13-46
169            android:exported="true"
169-->[com.google.firebase:firebase-auth:22.3.0] AndroidManifest.xml:50:13-36
170            android:launchMode="singleTask"
170-->[com.google.firebase:firebase-auth:22.3.0] AndroidManifest.xml:51:13-44
171            android:theme="@android:style/Theme.Translucent.NoTitleBar" >
171-->[com.google.firebase:firebase-auth:22.3.0] AndroidManifest.xml:52:13-72
172            <intent-filter>
172-->[com.google.firebase:firebase-auth:22.3.0] AndroidManifest.xml:53:13-63:29
173                <action android:name="android.intent.action.VIEW" />
173-->[com.google.firebase:firebase-auth:22.3.0] AndroidManifest.xml:36:17-69
173-->[com.google.firebase:firebase-auth:22.3.0] AndroidManifest.xml:36:25-66
174
175                <category android:name="android.intent.category.DEFAULT" />
175-->[com.google.firebase:firebase-auth:22.3.0] AndroidManifest.xml:38:17-76
175-->[com.google.firebase:firebase-auth:22.3.0] AndroidManifest.xml:38:27-73
176                <category android:name="android.intent.category.BROWSABLE" />
176-->[com.google.firebase:firebase-auth:22.3.0] AndroidManifest.xml:39:17-78
176-->[com.google.firebase:firebase-auth:22.3.0] AndroidManifest.xml:39:27-75
177
178                <data
178-->[com.google.firebase:firebase-auth:22.3.0] AndroidManifest.xml:41:17-44:51
179                    android:host="firebase.auth"
179-->[com.google.firebase:firebase-auth:22.3.0] AndroidManifest.xml:42:21-49
180                    android:path="/"
180-->[com.google.firebase:firebase-auth:22.3.0] AndroidManifest.xml:43:21-37
181                    android:scheme="recaptcha" />
181-->[com.google.firebase:firebase-auth:22.3.0] AndroidManifest.xml:44:21-48
182            </intent-filter>
183        </activity>
184
185        <provider
185-->[com.google.firebase:firebase-common:20.4.2] AndroidManifest.xml:23:9-28:39
186            android:name="com.google.firebase.provider.FirebaseInitProvider"
186-->[com.google.firebase:firebase-common:20.4.2] AndroidManifest.xml:24:13-77
187            android:authorities="com.mxl.driverpro.firebaseinitprovider"
187-->[com.google.firebase:firebase-common:20.4.2] AndroidManifest.xml:25:13-72
188            android:directBootAware="true"
188-->[com.google.firebase:firebase-common:20.4.2] AndroidManifest.xml:26:13-43
189            android:exported="false"
189-->[com.google.firebase:firebase-common:20.4.2] AndroidManifest.xml:27:13-37
190            android:initOrder="100" /> <!-- Needs to be explicitly declared on P+ -->
190-->[com.google.firebase:firebase-common:20.4.2] AndroidManifest.xml:28:13-36
191        <uses-library
191-->[com.google.android.gms:play-services-maps:18.2.0] AndroidManifest.xml:39:9-41:40
192            android:name="org.apache.http.legacy"
192-->[com.google.android.gms:play-services-maps:18.2.0] AndroidManifest.xml:40:13-50
193            android:required="false" />
193-->[com.google.android.gms:play-services-maps:18.2.0] AndroidManifest.xml:41:13-37
194
195        <activity
195-->[com.google.android.gms:play-services-base:18.1.0] AndroidManifest.xml:20:9-22:45
196            android:name="com.google.android.gms.common.api.GoogleApiActivity"
196-->[com.google.android.gms:play-services-base:18.1.0] AndroidManifest.xml:20:19-85
197            android:exported="false"
197-->[com.google.android.gms:play-services-base:18.1.0] AndroidManifest.xml:22:19-43
198            android:theme="@android:style/Theme.Translucent.NoTitleBar" />
198-->[com.google.android.gms:play-services-base:18.1.0] AndroidManifest.xml:21:19-78
199
200        <meta-data
200-->[com.google.android.gms:play-services-basement:18.1.0] AndroidManifest.xml:21:9-23:69
201            android:name="com.google.android.gms.version"
201-->[com.google.android.gms:play-services-basement:18.1.0] AndroidManifest.xml:22:13-58
202            android:value="@integer/google_play_services_version" />
202-->[com.google.android.gms:play-services-basement:18.1.0] AndroidManifest.xml:23:13-66
203
204        <provider
204-->[androidx.emoji2:emoji2:1.2.0] AndroidManifest.xml:24:9-32:20
205            android:name="androidx.startup.InitializationProvider"
205-->[androidx.emoji2:emoji2:1.2.0] AndroidManifest.xml:25:13-67
206            android:authorities="com.mxl.driverpro.androidx-startup"
206-->[androidx.emoji2:emoji2:1.2.0] AndroidManifest.xml:26:13-68
207            android:exported="false" >
207-->[androidx.emoji2:emoji2:1.2.0] AndroidManifest.xml:27:13-37
208            <meta-data
208-->[androidx.emoji2:emoji2:1.2.0] AndroidManifest.xml:29:13-31:52
209                android:name="androidx.emoji2.text.EmojiCompatInitializer"
209-->[androidx.emoji2:emoji2:1.2.0] AndroidManifest.xml:30:17-75
210                android:value="androidx.startup" />
210-->[androidx.emoji2:emoji2:1.2.0] AndroidManifest.xml:31:17-49
211            <meta-data
211-->[androidx.lifecycle:lifecycle-process:2.6.1] AndroidManifest.xml:29:13-31:52
212                android:name="androidx.lifecycle.ProcessLifecycleInitializer"
212-->[androidx.lifecycle:lifecycle-process:2.6.1] AndroidManifest.xml:30:17-78
213                android:value="androidx.startup" />
213-->[androidx.lifecycle:lifecycle-process:2.6.1] AndroidManifest.xml:31:17-49
214            <meta-data
214-->[androidx.profileinstaller:profileinstaller:1.3.0] AndroidManifest.xml:29:13-31:52
215                android:name="androidx.profileinstaller.ProfileInstallerInitializer"
215-->[androidx.profileinstaller:profileinstaller:1.3.0] AndroidManifest.xml:30:17-85
216                android:value="androidx.startup" />
216-->[androidx.profileinstaller:profileinstaller:1.3.0] AndroidManifest.xml:31:17-49
217        </provider>
218
219        <receiver
219-->[androidx.profileinstaller:profileinstaller:1.3.0] AndroidManifest.xml:34:9-52:20
220            android:name="androidx.profileinstaller.ProfileInstallReceiver"
220-->[androidx.profileinstaller:profileinstaller:1.3.0] AndroidManifest.xml:35:13-76
221            android:directBootAware="false"
221-->[androidx.profileinstaller:profileinstaller:1.3.0] AndroidManifest.xml:36:13-44
222            android:enabled="true"
222-->[androidx.profileinstaller:profileinstaller:1.3.0] AndroidManifest.xml:37:13-35
223            android:exported="true"
223-->[androidx.profileinstaller:profileinstaller:1.3.0] AndroidManifest.xml:38:13-36
224            android:permission="android.permission.DUMP" >
224-->[androidx.profileinstaller:profileinstaller:1.3.0] AndroidManifest.xml:39:13-57
225            <intent-filter>
225-->[androidx.profileinstaller:profileinstaller:1.3.0] AndroidManifest.xml:40:13-42:29
226                <action android:name="androidx.profileinstaller.action.INSTALL_PROFILE" />
226-->[androidx.profileinstaller:profileinstaller:1.3.0] AndroidManifest.xml:41:17-91
226-->[androidx.profileinstaller:profileinstaller:1.3.0] AndroidManifest.xml:41:25-88
227            </intent-filter>
228            <intent-filter>
228-->[androidx.profileinstaller:profileinstaller:1.3.0] AndroidManifest.xml:43:13-45:29
229                <action android:name="androidx.profileinstaller.action.SKIP_FILE" />
229-->[androidx.profileinstaller:profileinstaller:1.3.0] AndroidManifest.xml:44:17-85
229-->[androidx.profileinstaller:profileinstaller:1.3.0] AndroidManifest.xml:44:25-82
230            </intent-filter>
231            <intent-filter>
231-->[androidx.profileinstaller:profileinstaller:1.3.0] AndroidManifest.xml:46:13-48:29
232                <action android:name="androidx.profileinstaller.action.SAVE_PROFILE" />
232-->[androidx.profileinstaller:profileinstaller:1.3.0] AndroidManifest.xml:47:17-88
232-->[androidx.profileinstaller:profileinstaller:1.3.0] AndroidManifest.xml:47:25-85
233            </intent-filter>
234            <intent-filter>
234-->[androidx.profileinstaller:profileinstaller:1.3.0] AndroidManifest.xml:49:13-51:29
235                <action android:name="androidx.profileinstaller.action.BENCHMARK_OPERATION" />
235-->[androidx.profileinstaller:profileinstaller:1.3.0] AndroidManifest.xml:50:17-95
235-->[androidx.profileinstaller:profileinstaller:1.3.0] AndroidManifest.xml:50:25-92
236            </intent-filter>
237        </receiver>
238    </application>
239
240</manifest>